[2022-03-22 13:36:57] [ERROR]: ---- FALHA NO UPDATE DA PALAVRA UTILIZADA ----
[2022-03-22 13:36:57] [ERROR]: FALHA EM BUSCAR PALAVRA DO DIA
[2022-03-22 13:37:25] [ERROR]: ---- FALHA NO UPDATE DA PALAVRA UTILIZADA ----
[2022-03-22 13:37:25] [ERROR]: FALHA EM BUSCAR PALAVRA DO DIA
[2022-03-22 13:38:21] [ERROR]: ---- FALHA NO UPDATE DA PALAVRA UTILIZADA ----
[2022-03-22 13:38:21] [ERROR]: FALHA EM BUSCAR PALAVRA DO DIA
[2022-03-22 13:40:31] [ERROR]: ---- FALHA NO UPDATE DA PALAVRA UTILIZADA ----
[2022-03-22 13:40:31] [ERROR]: FALHA EM BUSCAR PALAVRA DO DIA
[2022-03-22 13:40:40] [SUCCESS]: ---- PALAVRA ESCOLHIDA OK ----
[2022-03-22 13:40:40] [ERROR]: ---- FALHA NA MARCAÇÃO DA PALAVRA UTILIZADA = 1 ----
[2022-03-22 13:40:40] [ERROR]: FALHA EM BUSCAR PALAVRA DO DIA
[2022-03-22 13:41:01] [SUCCESS]: ---- PALAVRA ESCOLHIDAcalcado OK ----
[2022-03-22 13:41:01] [ERROR]: ---- FALHA NA MARCAÇÃO DA PALAVRA UTILIZADA = 1 ----
[2022-03-22 13:41:01] [ERROR]: FALHA EM BUSCAR PALAVRA DO DIA
[2022-03-22 13:42:08] [SUCCESS]: ---- PALAVRA ESCOLHIDA: rolete ----
[2022-03-22 13:42:08] [ERROR]: ---- FALHA NA MARCAÇÃO DA PALAVRA UTILIZADA = 1 ----
[2022-03-22 13:42:08] [ERROR]: FALHA EM BUSCAR PALAVRA DO DIA
[2022-03-22 13:45:02] [SUCCESS]: ---- PALAVRA ESCOLHIDA: inseto ----
[2022-03-22 13:45:02] [ERROR]: ---- FALHA NA MARCAÇÃO DA PALAVRA UTILIZADA = 1 ----
[2022-03-22 13:45:02] [ERROR]: FALHA EM BUSCAR PALAVRA DO DIA
[2022-03-22 13:45:19] [SUCCESS]: ---- PALAVRA ESCOLHIDA: despedi ----
[2022-03-22 13:45:19] [ERROR]: ---- FALHA EM MARCAR PALAVRA COMO UTILIZADA = 1 ----
[2022-03-22 13:45:19] [ERROR]: FALHA EM BUSCAR PALAVRA DO DIA
[2022-03-22 13:47:30] [SUCCESS]: ---- PALAVRA ESCOLHIDA: Eddie ----
[2022-03-22 13:47:30] [SUCCESS]: ---- PALAVRA MARCADA COMO UTILIZADA ----
[2022-03-22 13:47:30] [ERROR]: ---- FALHA DO INSERT DA PALAVRA ESCOLHIDA NA PALAVRA DO DIA ----
[2022-03-22 13:47:30] [ERROR]: FALHA EM BUSCAR PALAVRA DO DIA
[2022-03-22 13:48:09] [SUCCESS]: ---- PALAVRA ESCOLHIDA: fonico ----
[2022-03-22 13:48:09] [SUCCESS]: ---- PALAVRA MARCADA COMO UTILIZADA ----
[2022-03-22 13:48:09] [ERROR]: ---- FALHA DO INSERT DA PALAVRA ESCOLHIDA NA PALAVRA DO DIA ----
[2022-03-22 13:48:09] [ERROR]: FALHA EM BUSCAR PALAVRA DO DIA
[2022-03-22 13:56:10] [SUCCESS]: ---- PALAVRA ESCOLHIDA: ganes ----
[2022-03-22 13:56:10] [SUCCESS]: ---- PALAVRA MARCADA COMO UTILIZADA ----
[2022-03-22 13:56:10] [ERROR]: ---- FALHA DO INSERT DA PALAVRA ESCOLHIDA NA PALAVRA DO DIA ----
[2022-03-22 13:56:10] [ERROR]: FALHA EM BUSCAR PALAVRA DO DIA
[2022-03-22 14:01:02] [SUCCESS]: ---- PALAVRA ESCOLHIDA: pisao ----
[2022-03-22 14:01:02] [SUCCESS]: ---- PALAVRA MARCADA COMO UTILIZADA ----
[2022-03-22 14:01:02] [ERROR]: ---- FALHA DO INSERT DA PALAVRA ESCOLHIDA NA PALAVRA DO DIA ----
[2022-03-22 14:01:02] [ERROR]: FALHA EM BUSCAR PALAVRA DO DIA
[2022-03-22 14:01:09] [SUCCESS]: ---- PALAVRA ESCOLHIDA: estavel ----
[2022-03-22 14:01:09] [SUCCESS]: ---- PALAVRA MARCADA COMO UTILIZADA ----
[2022-03-22 14:01:09] [SUCCESS]: ---- INSERT DA PALAVRA DO DIA OK ----
[2022-03-22 14:01:09] [ERROR]: FALHA EM BUSCAR PALAVRA DO DIA
[2022-03-22 14:01:42] [SUCCESS]: ---- PALAVRA ESCOLHIDA: fartar ----
[2022-03-22 14:01:42] [SUCCESS]: ---- PALAVRA MARCADA COMO UTILIZADA ----
[2022-03-22 14:01:42] [SUCCESS]: ---- INSERT DA PALAVRA DO DIA OK ----
[2022-03-22 14:01:42] [ERROR]: FALHA EM BUSCAR PALAVRA DO DIA
[2022-03-22 14:01:45] [SUCCESS]: ---- PALAVRA ESCOLHIDA: taxista ----
[2022-03-22 14:01:45] [SUCCESS]: ---- PALAVRA MARCADA COMO UTILIZADA ----
[2022-03-22 14:01:45] [SUCCESS]: ---- INSERT DA PALAVRA DO DIA OK ----
[2022-03-22 14:01:45] [ERROR]: FALHA EM BUSCAR PALAVRA DO DIA
[2022-03-22 14:02:33] [SUCCESS]: ---- PALAVRA ESCOLHIDA: circulo ----
[2022-03-22 14:02:33] [SUCCESS]: ---- PALAVRA MARCADA COMO UTILIZADA ----
[2022-03-22 14:02:33] [SUCCESS]: ---- INSERT DA PALAVRA DO DIA OK ----
[2022-03-22 14:03:24] [SUCCESS]: ---- PALAVRA ESCOLHIDA: difuso ----
[2022-03-22 14:03:24] [SUCCESS]: ---- PALAVRA MARCADA COMO UTILIZADA ----
[2022-03-22 14:03:24] [SUCCESS]: ---- INSERT DA PALAVRA DO DIA OK ----
[2022-03-22 14:03:24] [ERROR]: PALAVRA DO DIA OK
[2022-03-22 14:03:24] [ERROR]: PALAVRA DO DIA OK
[2022-03-22 14:03:24] [ERROR]: PALAVRA DO DIA OK
[2022-03-22 14:03:24] [ERROR]: PALAVRA DO DIA OK
[2022-03-22 14:03:24] [ERROR]: PALAVRA DO DIA OK
[2022-03-22 16:29:50] [SUCCESS]: ---- PALAVRA ESCOLHIDA: repeti -> OK ----
[2022-03-22 16:29:50] [SUCCESS]: ---- PALAVRA MARCADA COMO UTILIZADA -> OK ----
[2022-03-22 16:29:50] [SUCCESS]: ---- INSERT DA PALAVRA DO DIA -> OK ----
[2022-03-22 16:29:50] [ERROR]: SELECT PALAVRA DO DIA -> OK
[2022-03-22 16:41:00] [SUCCESS]: ---- PALAVRA ESCOLHIDA: panacao -> OK ----
[2022-03-22 16:41:00] [SUCCESS]: ---- PALAVRA MARCADA COMO UTILIZADA -> OK ----
[2022-03-22 16:41:00] [SUCCESS]: ---- INSERT DA PALAVRA DO DIA -> OK ----
[2022-03-22 16:42:44] [SUCCESS]: ---- PALAVRA ESCOLHIDA: reunes -> OK ----
[2022-03-22 16:42:44] [SUCCESS]: ---- PALAVRA MARCADA COMO UTILIZADA -> OK ----
[2022-03-22 16:42:44] [SUCCESS]: ---- INSERT DA PALAVRA DO DIA -> OK ----
[2022-03-22 16:43:38] [SUCCESS]: ---- PALAVRA ESCOLHIDA: condoi -> OK ----
[2022-03-22 16:43:38] [SUCCESS]: ---- PALAVRA MARCADA COMO UTILIZADA -> OK ----
[2022-03-22 16:43:38] [SUCCESS]: ---- INSERT DA PALAVRA DO DIA -> OK ----
[2022-03-22 16:49:41] [SUCCESS]: ---- PALAVRA ESCOLHIDA: helio -> OK ----
[2022-03-22 16:49:41] [SUCCESS]: ---- PALAVRA MARCADA COMO UTILIZADA -> OK ----
[2022-03-22 16:49:41] [SUCCESS]: ---- INSERT DA PALAVRA DO DIA -> OK ----
[2022-03-22 16:50:46] [SUCCESS]: ---- PALAVRA ESCOLHIDA: plebe -> OK ----
[2022-03-22 16:50:46] [SUCCESS]: ---- PALAVRA MARCADA COMO UTILIZADA -> OK ----
[2022-03-22 16:50:46] [SUCCESS]: ---- INSERT DA PALAVRA DO DIA -> OK ----
[2022-03-22 16:50:46] [SUCCESS]: --------------------------------
[2022-03-22 16:50:53] [SUCCESS]: ---- PALAVRA ESCOLHIDA: odieis -> OK ----
[2022-03-22 16:50:53] [SUCCESS]: ---- PALAVRA MARCADA COMO UTILIZADA -> OK ----
[2022-03-22 16:50:53] [SUCCESS]: ---- INSERT DA PALAVRA DO DIA -> OK ----
[2022-03-22 16:50:53] [SUCCESS]: --------------------------------
[2022-03-22 16:51:29] [SUCCESS]: ---- PALAVRA ESCOLHIDA: Rogerio -> OK ----
[2022-03-22 16:51:29] [SUCCESS]: ---- PALAVRA MARCADA COMO UTILIZADA -> OK ----
[2022-03-22 16:51:29] [SUCCESS]: ---- INSERT DA PALAVRA DO DIA -> OK ----
[2022-03-22 16:51:29] [SUCCESS]: --------------------------------
[2022-03-22 16:59:02] [SUCCESS]: PALAVRA DO DIA -> OK
[2022-03-22 16:59:55] [SUCCESS]: PALAVRA DO DIA -> OK
[2022-03-22 17:06:38] [SUCCESS]: PALAVRA DO DIA -> OK
[2022-03-22 17:06:45] [SUCCESS]: ---- PALAVRA ESCOLHIDA: assim -> OK ----
[2022-03-22 17:06:45] [SUCCESS]: ---- PALAVRA MARCADA COMO UTILIZADA -> OK ----
[2022-03-22 17:06:45] [SUCCESS]: ---- INSERT DA PALAVRA DO DIA -> OK ----
[2022-03-22 17:06:45] [SUCCESS]: --------------------------------
[2022-03-22 17:07:48] [SUCCESS]: PALAVRA DO DIA -> OK
[2022-03-22 17:47:46] [SUCCESS]: PALAVRA DO DIA -> OK
